health_guide/build/outputs/logs/manifest-merger-debug-report.txt
-- Merging decision tree log ---
manifest
ADDED from src\test\AndroidManifest.xml:2:1-11:12
INJECTED from src\test\AndroidManifest.xml:2:1-11:12
INJECTED from src\test\AndroidManifest.xml:2:1-11:12
INJECTED from src\test\AndroidManifest.xml:2:1-11:12
INJECTED from src\test\AndroidManifest.xml:2:1-11:12
INJECTED from src\test\AndroidManifest.xml:2:1-11:12
INJECTED from src\test\AndroidManifest.xml:2:1-11:12
	package
		ADDED from src\test\AndroidManifest.xml:3:5-37
		INJECTED from src\test\AndroidManifest.xml
		INJECTED from src\test\AndroidManifest.xml
	android:versionName
		INJECTED from src\test\AndroidManifest.xml
		ADDED from src\test\AndroidManifest.xml:2:1-11:12
		INJECTED from src\test\AndroidManifest.xml
	android:versionCode
		INJECTED from src\test\AndroidManifest.xml
		ADDED from src\test\AndroidManifest.xml:2:1-11:12
		INJECTED from src\test\AndroidManifest.xml
	xmlns:android
		ADDED from src\test\AndroidManifest.xml:2:11-69
application
ADDED from src\test\AndroidManifest.xml:5:5-9:19
activity#com.bawei.health_guide.MainActivity
ADDED from src\test\AndroidManifest.xml:6:9-8:20
	android:name
		ADDED from src\test\AndroidManifest.xml:6:19-69
uses-sdk
INJECTED from src\test\AndroidManifest.xml reason: use-sdk injection requested
INJECTED from src\test\AndroidManifest.xml
INJECTED from src\test\AndroidManifest.xml
INJECTED from src\test\AndroidManifest.xml
INJECTED from src\test\AndroidManifest.xml
	android:targetSdkVersion
		INJECTED from src\test\AndroidManifest.xml
		ADDED from src\test\AndroidManifest.xml
		INJECTED from src\test\AndroidManifest.xml
	android:minSdkVersion
		INJECTED from src\test\AndroidManifest.xml
		ADDED from src\test\AndroidManifest.xml
		INJECTED from src\test\AndroidManifest.xml